0 info it worked if it ends with ok
1 verbose cli [ '/Users/atmccann/.nvm/versions/node/v0.12.1/bin/node',
1 verbose cli   '/Users/atmccann/.nvm/versions/node/v0.12.1/bin/npm',
1 verbose cli   'run',
1 verbose cli   'deploy' ]
2 info using npm@2.5.1
3 info using node@v0.12.1
4 verbose run-script [ 'predeploy', 'deploy', 'postdeploy' ]
5 info predeploy allisontmccann.com@0.1.0
6 info deploy allisontmccann.com@0.1.0
7 verbose unsafe-perm in lifecycle true
8 info allisontmccann.com@0.1.0 Failed to exec deploy script
9 verbose stack Error: allisontmccann.com@0.1.0 deploy: `./build.sh`
9 verbose stack Exit status 127
9 verbose stack     at EventEmitter.<anonymous> (/Users/atmccann/.nvm/versions/node/v0.12.1/lib/node_modules/npm/lib/utils/lifecycle.js:213:16)
9 verbose stack     at EventEmitter.emit (events.js:110:17)
9 verbose stack     at ChildProcess.<anonymous> (/Users/atmccann/.nvm/versions/node/v0.12.1/lib/node_modules/npm/lib/utils/spawn.js:14:12)
9 verbose stack     at ChildProcess.emit (events.js:110:17)
9 verbose stack     at maybeClose (child_process.js:1008:16)
9 verbose stack     at Process.ChildProcess._handle.onexit (child_process.js:1080:5)
10 verbose pkgid allisontmccann.com@0.1.0
11 verbose cwd /Users/atmccann/Desktop/atmccann.github.io
12 error Darwin 13.4.0
13 error argv "/Users/atmccann/.nvm/versions/node/v0.12.1/bin/node" "/Users/atmccann/.nvm/versions/node/v0.12.1/bin/npm" "run" "deploy"
14 error node v0.12.1
15 error npm  v2.5.1
16 error code ELIFECYCLE
17 error allisontmccann.com@0.1.0 deploy: `./build.sh`
17 error Exit status 127
18 error Failed at the allisontmccann.com@0.1.0 deploy script './build.sh'.
18 error This is most likely a problem with the allisontmccann.com package,
18 error not with npm itself.
18 error Tell the author that this fails on your system:
18 error     ./build.sh
18 error You can get their info via:
18 error     npm owner ls allisontmccann.com
18 error There is likely additional logging output above.
19 verbose exit [ 1, true ]
